{"total": {"lines":{"total":6611,"covered":2275,"skipped":0,"pct":34.41},"statements":{"total":7712,"covered":2622,"skipped":0,"pct":33.99},"functions":{"total":2331,"covered":862,"skipped":0,"pct":36.97},"branches":{"total":4530,"covered":1187,"skipped":0,"pct":26.2},"branchesTrue":{"total":0,"covered":0,"skipped":0,"pct":100}}
,"/Users/furb-x/Desktop/PROJECTS/RMC/ui/src/components/index.ts": {"lines":{"total":0,"covered":0,"skipped":0,"pct":100},"functions":{"total":0,"covered":0,"skipped":0,"pct":100},"statements":{"total":0,"covered":0,"skipped":0,"pct":100},"branches":{"total":0,"covered":0,"skipped":0,"pct":100}}
,"/Users/furb-x/Desktop/PROJECTS/RMC/ui/src/components/common/pagination.ts": {"lines":{"total":13,"covered":13,"skipped":0,"pct":100},"functions":{"total":6,"covered":6,"skipped":0,"pct":100},"statements":{"total":14,"covered":14,"skipped":0,"pct":100},"branches":{"total":4,"covered":4,"skipped":0,"pct":100}}
,"/Users/furb-x/Desktop/PROJECTS/RMC/ui/src/components/common/useListSelection.ts": {"lines":{"total":18,"covered":0,"skipped":0,"pct":0},"functions":{"total":11,"covered":0,"skipped":0,"pct":0},"statements":{"total":25,"covered":0,"skipped":0,"pct":0},"branches":{"total":6,"covered":0,"skipped":0,"pct":0}}
,"/Users/furb-x/Desktop/PROJECTS/RMC/ui/src/components/ui/alert.tsx": {"lines":{"total":10,"covered":9,"skipped":0,"pct":90},"functions":{"total":3,"covered":2,"skipped":0,"pct":66.66},"statements":{"total":10,"covered":9,"skipped":0,"pct":90},"branches":{"total":0,"covered":0,"skipped":0,"pct":100}}
,"/Users/furb-x/Desktop/PROJECTS/RMC/ui/src/components/ui/button.tsx": {"lines":{"total":5,"covered":5,"skipped":0,"pct":100},"functions":{"total":1,"covered":1,"skipped":0,"pct":100},"statements":{"total":5,"covered":5,"skipped":0,"pct":100},"branches":{"total":3,"covered":2,"skipped":0,"pct":66.66}}
,"/Users/furb-x/Desktop/PROJECTS/RMC/ui/src/components/ui/card.tsx": {"lines":{"total":18,"covered":14,"skipped":0,"pct":77.77},"functions":{"total":6,"covered":2,"skipped":0,"pct":33.33},"statements":{"total":18,"covered":14,"skipped":0,"pct":77.77},"branches":{"total":0,"covered":0,"skipped":0,"pct":100}}
,"/Users/furb-x/Desktop/PROJECTS/RMC/ui/src/components/ui/dialog.tsx": {"lines":{"total":42,"covered":21,"skipped":0,"pct":50},"functions":{"total":17,"covered":3,"skipped":0,"pct":17.64},"statements":{"total":48,"covered":23,"skipped":0,"pct":47.91},"branches":{"total":8,"covered":2,"skipped":0,"pct":25}}
,"/Users/furb-x/Desktop/PROJECTS/RMC/ui/src/components/ui/form-control.ts": {"lines":{"total":3,"covered":3,"skipped":0,"pct":100},"functions":{"total":0,"covered":0,"skipped":0,"pct":100},"statements":{"total":3,"covered":3,"skipped":0,"pct":100},"branches":{"total":0,"covered":0,"skipped":0,"pct":100}}
,"/Users/furb-x/Desktop/PROJECTS/RMC/ui/src/components/ui/input.tsx": {"lines":{"total":3,"covered":3,"skipped":0,"pct":100},"functions":{"total":1,"covered":1,"skipped":0,"pct":100},"statements":{"total":3,"covered":3,"skipped":0,"pct":100},"branches":{"total":0,"covered":0,"skipped":0,"pct":100}}
,"/Users/furb-x/Desktop/PROJECTS/RMC/ui/src/components/ui/select.tsx": {"lines":{"total":24,"covered":17,"skipped":0,"pct":70.83},"functions":{"total":7,"covered":0,"skipped":0,"pct":0},"statements":{"total":24,"covered":17,"skipped":0,"pct":70.83},"branches":{"total":5,"covered":0,"skipped":0,"pct":0}}
,"/Users/furb-x/Desktop/PROJECTS/RMC/ui/src/components/ui/table.tsx": {"lines":{"total":24,"covered":22,"skipped":0,"pct":91.66},"functions":{"total":8,"covered":6,"skipped":0,"pct":75},"statements":{"total":24,"covered":22,"skipped":0,"pct":91.66},"branches":{"total":0,"covered":0,"skipped":0,"pct":100}}
,"/Users/furb-x/Desktop/PROJECTS/RMC/ui/src/features/auth/api.ts": {"lines":{"total":0,"covered":0,"skipped":0,"pct":100},"functions":{"total":0,"covered":0,"skipped":0,"pct":100},"statements":{"total":0,"covered":0,"skipped":0,"pct":100},"branches":{"total":0,"covered":0,"skipped":0,"pct":100}}
,"/Users/furb-x/Desktop/PROJECTS/RMC/ui/src/features/auth/index.ts": {"lines":{"total":0,"covered":0,"skipped":0,"pct":100},"functions":{"total":0,"covered":0,"skipped":0,"pct":100},"statements":{"total":0,"covered":0,"skipped":0,"pct":100},"branches":{"total":0,"covered":0,"skipped":0,"pct":100}}
,"/Users/furb-x/Desktop/PROJECTS/RMC/ui/src/features/crm/index.ts": {"lines":{"total":0,"covered":0,"skipped":0,"pct":100},"functions":{"total":0,"covered":0,"skipped":0,"pct":100},"statements":{"total":0,"covered":0,"skipped":0,"pct":100},"branches":{"total":0,"covered":0,"skipped":0,"pct":100}}
,"/Users/furb-x/Desktop/PROJECTS/RMC/ui/src/features/crm/archive/api.ts": {"lines":{"total":0,"covered":0,"skipped":0,"pct":100},"functions":{"total":0,"covered":0,"skipped":0,"pct":100},"statements":{"total":0,"covered":0,"skipped":0,"pct":100},"branches":{"total":0,"covered":0,"skipped":0,"pct":100}}
,"/Users/furb-x/Desktop/PROJECTS/RMC/ui/src/features/crm/assignments/index.ts": {"lines":{"total":0,"covered":0,"skipped":0,"pct":100},"functions":{"total":0,"covered":0,"skipped":0,"pct":100},"statements":{"total":0,"covered":0,"skipped":0,"pct":100},"branches":{"total":0,"covered":0,"skipped":0,"pct":100}}
,"/Users/furb-x/Desktop/PROJECTS/RMC/ui/src/features/crm/assignments/queries.ts": {"lines":{"total":22,"covered":0,"skipped":0,"pct":0},"functions":{"total":10,"covered":0,"skipped":0,"pct":0},"statements":{"total":25,"covered":0,"skipped":0,"pct":0},"branches":{"total":15,"covered":0,"skipped":0,"pct":0}}
,"/Users/furb-x/Desktop/PROJECTS/RMC/ui/src/features/crm/assignments/requests.ts": {"lines":{"total":0,"covered":0,"skipped":0,"pct":100},"functions":{"total":0,"covered":0,"skipped":0,"pct":100},"statements":{"total":0,"covered":0,"skipped":0,"pct":100},"branches":{"total":0,"covered":0,"skipped":0,"pct":100}}
,"/Users/furb-x/Desktop/PROJECTS/RMC/ui/src/features/crm/assignments/hooks/useAssignmentsPage.ts": {"lines":{"total":103,"covered":0,"skipped":0,"pct":0},"functions":{"total":35,"covered":0,"skipped":0,"pct":0},"statements":{"total":119,"covered":0,"skipped":0,"pct":0},"branches":{"total":45,"covered":0,"skipped":0,"pct":0}}
,"/Users/furb-x/Desktop/PROJECTS/RMC/ui/src/features/crm/attendance/index.ts": {"lines":{"total":0,"covered":0,"skipped":0,"pct":100},"functions":{"total":0,"covered":0,"skipped":0,"pct":100},"statements":{"total":0,"covered":0,"skipped":0,"pct":100},"branches":{"total":0,"covered":0,"skipped":0,"pct":100}}
,"/Users/furb-x/Desktop/PROJECTS/RMC/ui/src/features/crm/attendance/queries.ts": {"lines":{"total":47,"covered":0,"skipped":0,"pct":0},"functions":{"total":23,"covered":0,"skipped":0,"pct":0},"statements":{"total":53,"covered":0,"skipped":0,"pct":0},"branches":{"total":36,"covered":0,"skipped":0,"pct":0}}
,"/Users/furb-x/Desktop/PROJECTS/RMC/ui/src/features/crm/attendance/requests.ts": {"lines":{"total":0,"covered":0,"skipped":0,"pct":100},"functions":{"total":0,"covered":0,"skipped":0,"pct":100},"statements":{"total":0,"covered":0,"skipped":0,"pct":100},"branches":{"total":0,"covered":0,"skipped":0,"pct":100}}
,"/Users/furb-x/Desktop/PROJECTS/RMC/ui/src/features/crm/attendance/hooks/useAttendancePage.ts": {"lines":{"total":131,"covered":0,"skipped":0,"pct":0},"functions":{"total":45,"covered":0,"skipped":0,"pct":0},"statements":{"total":161,"covered":0,"skipped":0,"pct":0},"branches":{"total":73,"covered":0,"skipped":0,"pct":0}}
,"/Users/furb-x/Desktop/PROJECTS/RMC/ui/src/features/crm/calendar/api.ts": {"lines":{"total":0,"covered":0,"skipped":0,"pct":100},"functions":{"total":0,"covered":0,"skipped":0,"pct":100},"statements":{"total":0,"covered":0,"skipped":0,"pct":100},"branches":{"total":0,"covered":0,"skipped":0,"pct":100}}
,"/Users/furb-x/Desktop/PROJECTS/RMC/ui/src/features/crm/calendar/calendarWorkspace.ts": {"lines":{"total":11,"covered":11,"skipped":0,"pct":100},"functions":{"total":7,"covered":7,"skipped":0,"pct":100},"statements":{"total":26,"covered":26,"skipped":0,"pct":100},"branches":{"total":22,"covered":22,"skipped":0,"pct":100}}
,"/Users/furb-x/Desktop/PROJECTS/RMC/ui/src/features/crm/calendar/roomTimetableModel.ts": {"lines":{"total":26,"covered":26,"skipped":0,"pct":100},"functions":{"total":19,"covered":19,"skipped":0,"pct":100},"statements":{"total":34,"covered":34,"skipped":0,"pct":100},"branches":{"total":19,"covered":16,"skipped":0,"pct":84.21}}
,"/Users/furb-x/Desktop/PROJECTS/RMC/ui/src/features/crm/calendar/timeGridModel.ts": {"lines":{"total":12,"covered":12,"skipped":0,"pct":100},"functions":{"total":3,"covered":3,"skipped":0,"pct":100},"statements":{"total":13,"covered":12,"skipped":0,"pct":92.3},"branches":{"total":6,"covered":4,"skipped":0,"pct":66.66}}
,"/Users/furb-x/Desktop/PROJECTS/RMC/ui/src/features/crm/calendar/utils.ts": {"lines":{"total":93,"covered":42,"skipped":0,"pct":45.16},"functions":{"total":13,"covered":5,"skipped":0,"pct":38.46},"statements":{"total":105,"covered":48,"skipped":0,"pct":45.71},"branches":{"total":56,"covered":24,"skipped":0,"pct":42.85}}
,"/Users/furb-x/Desktop/PROJECTS/RMC/ui/src/features/crm/calendar/components/CalendarWorkspaceToolbar.tsx": {"lines":{"total":6,"covered":6,"skipped":0,"pct":100},"functions":{"total":6,"covered":6,"skipped":0,"pct":100},"statements":{"total":9,"covered":9,"skipped":0,"pct":100},"branches":{"total":6,"covered":5,"skipped":0,"pct":83.33}}
,"/Users/furb-x/Desktop/PROJECTS/RMC/ui/src/features/crm/calendar/components/RoomTimetableSheet.tsx": {"lines":{"total":21,"covered":21,"skipped":0,"pct":100},"functions":{"total":15,"covered":14,"skipped":0,"pct":93.33},"statements":{"total":33,"covered":31,"skipped":0,"pct":93.93},"branches":{"total":44,"covered":36,"skipped":0,"pct":81.81}}
,"/Users/furb-x/Desktop/PROJECTS/RMC/ui/src/features/crm/calendar/hooks/useCalendarData.ts": {"lines":{"total":128,"covered":0,"skipped":0,"pct":0},"functions":{"total":28,"covered":0,"skipped":0,"pct":0},"statements":{"total":152,"covered":0,"skipped":0,"pct":0},"branches":{"total":96,"covered":0,"skipped":0,"pct":0}}
,"/Users/furb-x/Desktop/PROJECTS/RMC/ui/src/features/crm/calendar/hooks/useCalendarWorkspace.ts": {"lines":{"total":33,"covered":5,"skipped":0,"pct":15.15},"functions":{"total":12,"covered":3,"skipped":0,"pct":25},"statements":{"total":43,"covered":6,"skipped":0,"pct":13.95},"branches":{"total":48,"covered":19,"skipped":0,"pct":39.58}}
,"/Users/furb-x/Desktop/PROJECTS/RMC/ui/src/features/crm/centers/api.ts": {"lines":{"total":0,"covered":0,"skipped":0,"pct":100},"functions":{"total":0,"covered":0,"skipped":0,"pct":100},"statements":{"total":0,"covered":0,"skipped":0,"pct":100},"branches":{"total":0,"covered":0,"skipped":0,"pct":100}}
,"/Users/furb-x/Desktop/PROJECTS/RMC/ui/src/features/crm/centers/index.ts": {"lines":{"total":0,"covered":0,"skipped":0,"pct":100},"functions":{"total":0,"covered":0,"skipped":0,"pct":100},"statements":{"total":0,"covered":0,"skipped":0,"pct":100},"branches":{"total":0,"covered":0,"skipped":0,"pct":100}}
,"/Users/furb-x/Desktop/PROJECTS/RMC/ui/src/features/crm/centers/requests.ts": {"lines":{"total":0,"covered":0,"skipped":0,"pct":100},"functions":{"total":0,"covered":0,"skipped":0,"pct":100},"statements":{"total":0,"covered":0,"skipped":0,"pct":100},"branches":{"total":0,"covered":0,"skipped":0,"pct":100}}
,"/Users/furb-x/Desktop/PROJECTS/RMC/ui/src/features/crm/centers/hooks/useCentersPage.ts": {"lines":{"total":73,"covered":0,"skipped":0,"pct":0},"functions":{"total":15,"covered":0,"skipped":0,"pct":0},"statements":{"total":81,"covered":0,"skipped":0,"pct":0},"branches":{"total":50,"covered":0,"skipped":0,"pct":0}}
,"/Users/furb-x/Desktop/PROJECTS/RMC/ui/src/features/crm/classes/classDetailOverview.ts": {"lines":{"total":4,"covered":4,"skipped":0,"pct":100},"functions":{"total":0,"covered":0,"skipped":0,"pct":100},"statements":{"total":4,"covered":4,"skipped":0,"pct":100},"branches":{"total":0,"covered":0,"skipped":0,"pct":100}}
,"/Users/furb-x/Desktop/PROJECTS/RMC/ui/src/features/crm/classes/classFormOptions.ts": {"lines":{"total":8,"covered":8,"skipped":0,"pct":100},"functions":{"total":5,"covered":5,"skipped":0,"pct":100},"statements":{"total":12,"covered":12,"skipped":0,"pct":100},"branches":{"total":12,"covered":10,"skipped":0,"pct":83.33}}
,"/Users/furb-x/Desktop/PROJECTS/RMC/ui/src/features/crm/classes/classRoomConflict.ts": {"lines":{"total":17,"covered":17,"skipped":0,"pct":100},"functions":{"total":6,"covered":6,"skipped":0,"pct":100},"statements":{"total":28,"covered":26,"skipped":0,"pct":92.85},"branches":{"total":49,"covered":34,"skipped":0,"pct":69.38}}
,"/Users/furb-x/Desktop/PROJECTS/RMC/ui/src/features/crm/classes/classStudentActions.ts": {"lines":{"total":4,"covered":4,"skipped":0,"pct":100},"functions":{"total":3,"covered":3,"skipped":0,"pct":100},"statements":{"total":5,"covered":5,"skipped":0,"pct":100},"branches":{"total":3,"covered":3,"skipped":0,"pct":100}}
,"/Users/furb-x/Desktop/PROJECTS/RMC/ui/src/features/crm/classes/classSubjects.ts": {"lines":{"total":9,"covered":8,"skipped":0,"pct":88.88},"functions":{"total":2,"covered":2,"skipped":0,"pct":100},"statements":{"total":12,"covered":10,"skipped":0,"pct":83.33},"branches":{"total":12,"covered":6,"skipped":0,"pct":50}}
,"/Users/furb-x/Desktop/PROJECTS/RMC/ui/src/features/crm/classes/index.ts": {"lines":{"total":0,"covered":0,"skipped":0,"pct":100},"functions":{"total":0,"covered":0,"skipped":0,"pct":100},"statements":{"total":0,"covered":0,"skipped":0,"pct":100},"branches":{"total":0,"covered":0,"skipped":0,"pct":100}}
,"/Users/furb-x/Desktop/PROJECTS/RMC/ui/src/features/crm/classes/lessonScoringSettings.ts": {"lines":{"total":9,"covered":3,"skipped":0,"pct":33.33},"functions":{"total":5,"covered":0,"skipped":0,"pct":0},"statements":{"total":12,"covered":3,"skipped":0,"pct":25},"branches":{"total":24,"covered":0,"skipped":0,"pct":0}}
,"/Users/furb-x/Desktop/PROJECTS/RMC/ui/src/features/crm/classes/queries.ts": {"lines":{"total":11,"covered":7,"skipped":0,"pct":63.63},"functions":{"total":2,"covered":1,"skipped":0,"pct":50},"statements":{"total":12,"covered":7,"skipped":0,"pct":58.33},"branches":{"total":14,"covered":4,"skipped":0,"pct":28.57}}
,"/Users/furb-x/Desktop/PROJECTS/RMC/ui/src/features/crm/classes/requests.ts": {"lines":{"total":0,"covered":0,"skipped":0,"pct":100},"functions":{"total":0,"covered":0,"skipped":0,"pct":100},"statements":{"total":0,"covered":0,"skipped":0,"pct":100},"branches":{"total":0,"covered":0,"skipped":0,"pct":100}}
,"/Users/furb-x/Desktop/PROJECTS/RMC/ui/src/features/crm/classes/sessionWorkflowModel.ts": {"lines":{"total":35,"covered":35,"skipped":0,"pct":100},"functions":{"total":10,"covered":10,"skipped":0,"pct":100},"statements":{"total":38,"covered":38,"skipped":0,"pct":100},"branches":{"total":75,"covered":50,"skipped":0,"pct":66.66}}
,"/Users/furb-x/Desktop/PROJECTS/RMC/ui/src/features/crm/classes/subjectOptions.ts": {"lines":{"total":15,"covered":15,"skipped":0,"pct":100},"functions":{"total":5,"covered":5,"skipped":0,"pct":100},"statements":{"total":17,"covered":17,"skipped":0,"pct":100},"branches":{"total":35,"covered":22,"skipped":0,"pct":62.85}}
,"/Users/furb-x/Desktop/PROJECTS/RMC/ui/src/features/crm/classes/api/consolidationApi.ts": {"lines":{"total":13,"covered":0,"skipped":0,"pct":0},"functions":{"total":7,"covered":0,"skipped":0,"pct":0},"statements":{"total":14,"covered":0,"skipped":0,"pct":0},"branches":{"total":4,"covered":0,"skipped":0,"pct":0}}
,"/Users/furb-x/Desktop/PROJECTS/RMC/ui/src/features/crm/classes/api/index.ts": {"lines":{"total":0,"covered":0,"skipped":0,"pct":100},"functions":{"total":0,"covered":0,"skipped":0,"pct":100},"statements":{"total":0,"covered":0,"skipped":0,"pct":100},"branches":{"total":0,"covered":0,"skipped":0,"pct":100}}
,"/Users/furb-x/Desktop/PROJECTS/RMC/ui/src/features/crm/classes/api/sessionWorkflowApi.ts": {"lines":{"total":23,"covered":0,"skipped":0,"pct":0},"functions":{"total":9,"covered":0,"skipped":0,"pct":0},"statements":{"total":25,"covered":0,"skipped":0,"pct":0},"branches":{"total":7,"covered":0,"skipped":0,"pct":0}}
,"/Users/furb-x/Desktop/PROJECTS/RMC/ui/src/features/crm/classes/hooks/useClassDetailData.ts": {"lines":{"total":55,"covered":0,"skipped":0,"pct":0},"functions":{"total":22,"covered":0,"skipped":0,"pct":0},"statements":{"total":65,"covered":0,"skipped":0,"pct":0},"branches":{"total":45,"covered":0,"skipped":0,"pct":0}}
,"/Users/furb-x/Desktop/PROJECTS/RMC/ui/src/features/crm/classes/hooks/useClassesPage.ts": {"lines":{"total":196,"covered":0,"skipped":0,"pct":0},"functions":{"total":28,"covered":0,"skipped":0,"pct":0},"statements":{"total":213,"covered":0,"skipped":0,"pct":0},"branches":{"total":88,"covered":0,"skipped":0,"pct":0}}
,"/Users/furb-x/Desktop/PROJECTS/RMC/ui/src/features/crm/classes/hooks/useMonthlyClassPoints.ts": {"lines":{"total":76,"covered":0,"skipped":0,"pct":0},"functions":{"total":26,"covered":0,"skipped":0,"pct":0},"statements":{"total":89,"covered":0,"skipped":0,"pct":0},"branches":{"total":55,"covered":0,"skipped":0,"pct":0}}
,"/Users/furb-x/Desktop/PROJECTS/RMC/ui/src/features/crm/classes/utils/api.ts": {"lines":{"total":0,"covered":0,"skipped":0,"pct":100},"functions":{"total":0,"covered":0,"skipped":0,"pct":100},"statements":{"total":0,"covered":0,"skipped":0,"pct":100},"branches":{"total":0,"covered":0,"skipped":0,"pct":100}}
,"/Users/furb-x/Desktop/PROJECTS/RMC/ui/src/features/crm/classes/utils/date.ts": {"lines":{"total":15,"covered":0,"skipped":0,"pct":0},"functions":{"total":4,"covered":0,"skipped":0,"pct":0},"statements":{"total":16,"covered":0,"skipped":0,"pct":0},"branches":{"total":4,"covered":0,"skipped":0,"pct":0}}
,"/Users/furb-x/Desktop/PROJECTS/RMC/ui/src/features/crm/classes/utils/points.ts": {"lines":{"total":13,"covered":13,"skipped":0,"pct":100},"functions":{"total":4,"covered":4,"skipped":0,"pct":100},"statements":{"total":20,"covered":17,"skipped":0,"pct":85},"branches":{"total":19,"covered":15,"skipped":0,"pct":78.94}}
,"/Users/furb-x/Desktop/PROJECTS/RMC/ui/src/features/crm/classes/utils/schedule.ts": {"lines":{"total":19,"covered":0,"skipped":0,"pct":0},"functions":{"total":3,"covered":0,"skipped":0,"pct":0},"statements":{"total":22,"covered":0,"skipped":0,"pct":0},"branches":{"total":16,"covered":0,"skipped":0,"pct":0}}
,"/Users/furb-x/Desktop/PROJECTS/RMC/ui/src/features/crm/classes/utils/teacher.ts": {"lines":{"total":4,"covered":4,"skipped":0,"pct":100},"functions":{"total":1,"covered":1,"skipped":0,"pct":100},"statements":{"total":4,"covered":4,"skipped":0,"pct":100},"branches":{"total":9,"covered":9,"skipped":0,"pct":100}}
,"/Users/furb-x/Desktop/PROJECTS/RMC/ui/src/features/crm/dashboard/index.ts": {"lines":{"total":0,"covered":0,"skipped":0,"pct":100},"functions":{"total":0,"covered":0,"skipped":0,"pct":100},"statements":{"total":0,"covered":0,"skipped":0,"pct":100},"branches":{"total":0,"covered":0,"skipped":0,"pct":100}}
,"/Users/furb-x/Desktop/PROJECTS/RMC/ui/src/features/crm/dashboard/components/index.ts": {"lines":{"total":0,"covered":0,"skipped":0,"pct":100},"functions":{"total":0,"covered":0,"skipped":0,"pct":100},"statements":{"total":0,"covered":0,"skipped":0,"pct":100},"branches":{"total":0,"covered":0,"skipped":0,"pct":100}}
,"/Users/furb-x/Desktop/PROJECTS/RMC/ui/src/features/crm/dashboard/hooks/useDashboardData.ts": {"lines":{"total":36,"covered":0,"skipped":0,"pct":0},"functions":{"total":13,"covered":0,"skipped":0,"pct":0},"statements":{"total":39,"covered":0,"skipped":0,"pct":0},"branches":{"total":4,"covered":0,"skipped":0,"pct":0}}
,"/Users/furb-x/Desktop/PROJECTS/RMC/ui/src/features/crm/dashboard/queries/dashboardQueries.ts": {"lines":{"total":289,"covered":0,"skipped":0,"pct":0},"functions":{"total":101,"covered":0,"skipped":0,"pct":0},"statements":{"total":340,"covered":0,"skipped":0,"pct":0},"branches":{"total":225,"covered":0,"skipped":0,"pct":0}}
,"/Users/furb-x/Desktop/PROJECTS/RMC/ui/src/features/crm/debts/api.ts": {"lines":{"total":0,"covered":0,"skipped":0,"pct":100},"functions":{"total":0,"covered":0,"skipped":0,"pct":100},"statements":{"total":0,"covered":0,"skipped":0,"pct":100},"branches":{"total":0,"covered":0,"skipped":0,"pct":100}}
,"/Users/furb-x/Desktop/PROJECTS/RMC/ui/src/features/crm/debts/index.ts": {"lines":{"total":0,"covered":0,"skipped":0,"pct":100},"functions":{"total":0,"covered":0,"skipped":0,"pct":100},"statements":{"total":0,"covered":0,"skipped":0,"pct":100},"branches":{"total":0,"covered":0,"skipped":0,"pct":100}}
,"/Users/furb-x/Desktop/PROJECTS/RMC/ui/src/features/crm/debts/requests.ts": {"lines":{"total":0,"covered":0,"skipped":0,"pct":100},"functions":{"total":0,"covered":0,"skipped":0,"pct":100},"statements":{"total":0,"covered":0,"skipped":0,"pct":100},"branches":{"total":0,"covered":0,"skipped":0,"pct":100}}
,"/Users/furb-x/Desktop/PROJECTS/RMC/ui/src/features/crm/debts/hooks/useDebtsPage.ts": {"lines":{"total":59,"covered":0,"skipped":0,"pct":0},"functions":{"total":15,"covered":0,"skipped":0,"pct":0},"statements":{"total":65,"covered":0,"skipped":0,"pct":0},"branches":{"total":30,"covered":0,"skipped":0,"pct":0}}
,"/Users/furb-x/Desktop/PROJECTS/RMC/ui/src/features/crm/grades/index.ts": {"lines":{"total":0,"covered":0,"skipped":0,"pct":100},"functions":{"total":0,"covered":0,"skipped":0,"pct":100},"statements":{"total":0,"covered":0,"skipped":0,"pct":100},"branches":{"total":0,"covered":0,"skipped":0,"pct":100}}
,"/Users/furb-x/Desktop/PROJECTS/RMC/ui/src/features/crm/grades/hooks/useGradesPage.ts": {"lines":{"total":204,"covered":0,"skipped":0,"pct":0},"functions":{"total":67,"covered":0,"skipped":0,"pct":0},"statements":{"total":239,"covered":0,"skipped":0,"pct":0},"branches":{"total":123,"covered":0,"skipped":0,"pct":0}}
,"/Users/furb-x/Desktop/PROJECTS/RMC/ui/src/features/crm/hooks/index.ts": {"lines":{"total":0,"covered":0,"skipped":0,"pct":100},"functions":{"total":0,"covered":0,"skipped":0,"pct":100},"statements":{"total":0,"covered":0,"skipped":0,"pct":100},"branches":{"total":0,"covered":0,"skipped":0,"pct":100}}
,"/Users/furb-x/Desktop/PROJECTS/RMC/ui/src/features/crm/hooks/useAppDispatch.ts": {"lines":{"total":1,"covered":0,"skipped":0,"pct":0},"functions":{"total":1,"covered":0,"skipped":0,"pct":0},"statements":{"total":1,"covered":0,"skipped":0,"pct":0},"branches":{"total":0,"covered":0,"skipped":0,"pct":100}}
,"/Users/furb-x/Desktop/PROJECTS/RMC/ui/src/features/crm/hooks/useAppSelector.ts": {"lines":{"total":1,"covered":0,"skipped":0,"pct":0},"functions":{"total":0,"covered":0,"skipped":0,"pct":100},"statements":{"total":1,"covered":0,"skipped":0,"pct":0},"branches":{"total":0,"covered":0,"skipped":0,"pct":100}}
,"/Users/furb-x/Desktop/PROJECTS/RMC/ui/src/features/crm/hooks/useCRUD.ts": {"lines":{"total":59,"covered":0,"skipped":0,"pct":0},"functions":{"total":21,"covered":0,"skipped":0,"pct":0},"statements":{"total":74,"covered":0,"skipped":0,"pct":0},"branches":{"total":16,"covered":0,"skipped":0,"pct":0}}
,"/Users/furb-x/Desktop/PROJECTS/RMC/ui/src/features/crm/hooks/useRBAC.ts": {"lines":{"total":12,"covered":0,"skipped":0,"pct":0},"functions":{"total":4,"covered":0,"skipped":0,"pct":0},"statements":{"total":18,"covered":0,"skipped":0,"pct":0},"branches":{"total":19,"covered":0,"skipped":0,"pct":0}}
,"/Users/furb-x/Desktop/PROJECTS/RMC/ui/src/features/crm/layouts/CRM_LAYOUT.ts": {"lines":{"total":0,"covered":0,"skipped":0,"pct":100},"functions":{"total":0,"covered":0,"skipped":0,"pct":100},"statements":{"total":0,"covered":0,"skipped":0,"pct":100},"branches":{"total":0,"covered":0,"skipped":0,"pct":100}}
,"/Users/furb-x/Desktop/PROJECTS/RMC/ui/src/features/crm/logs/api.ts": {"lines":{"total":0,"covered":0,"skipped":0,"pct":100},"functions":{"total":0,"covered":0,"skipped":0,"pct":100},"statements":{"total":0,"covered":0,"skipped":0,"pct":100},"branches":{"total":0,"covered":0,"skipped":0,"pct":100}}
,"/Users/furb-x/Desktop/PROJECTS/RMC/ui/src/features/crm/payments/api.ts": {"lines":{"total":0,"covered":0,"skipped":0,"pct":100},"functions":{"total":0,"covered":0,"skipped":0,"pct":100},"statements":{"total":0,"covered":0,"skipped":0,"pct":100},"branches":{"total":0,"covered":0,"skipped":0,"pct":100}}
,"/Users/furb-x/Desktop/PROJECTS/RMC/ui/src/features/crm/payments/index.ts": {"lines":{"total":0,"covered":0,"skipped":0,"pct":100},"functions":{"total":0,"covered":0,"skipped":0,"pct":100},"statements":{"total":0,"covered":0,"skipped":0,"pct":100},"branches":{"total":0,"covered":0,"skipped":0,"pct":100}}
,"/Users/furb-x/Desktop/PROJECTS/RMC/ui/src/features/crm/payments/paymentListLayout.ts": {"lines":{"total":1,"covered":1,"skipped":0,"pct":100},"functions":{"total":0,"covered":0,"skipped":0,"pct":100},"statements":{"total":1,"covered":1,"skipped":0,"pct":100},"branches":{"total":0,"covered":0,"skipped":0,"pct":100}}
,"/Users/furb-x/Desktop/PROJECTS/RMC/ui/src/features/crm/payments/hooks/usePaymentsPage.ts": {"lines":{"total":252,"covered":0,"skipped":0,"pct":0},"functions":{"total":102,"covered":0,"skipped":0,"pct":0},"statements":{"total":296,"covered":0,"skipped":0,"pct":0},"branches":{"total":164,"covered":0,"skipped":0,"pct":0}}
,"/Users/furb-x/Desktop/PROJECTS/RMC/ui/src/features/crm/payments/utils/paymentForm.ts": {"lines":{"total":13,"covered":0,"skipped":0,"pct":0},"functions":{"total":5,"covered":0,"skipped":0,"pct":0},"statements":{"total":13,"covered":0,"skipped":0,"pct":0},"branches":{"total":17,"covered":0,"skipped":0,"pct":0}}
,"/Users/furb-x/Desktop/PROJECTS/RMC/ui/src/features/crm/payments/utils/paymentHistory.ts": {"lines":{"total":27,"covered":0,"skipped":0,"pct":0},"functions":{"total":10,"covered":0,"skipped":0,"pct":0},"statements":{"total":33,"covered":0,"skipped":0,"pct":0},"branches":{"total":24,"covered":0,"skipped":0,"pct":0}}
,"/Users/furb-x/Desktop/PROJECTS/RMC/ui/src/features/crm/rbac/adminPageAccess.ts": {"lines":{"total":1,"covered":1,"skipped":0,"pct":100},"functions":{"total":0,"covered":0,"skipped":0,"pct":100},"statements":{"total":1,"covered":1,"skipped":0,"pct":100},"branches":{"total":0,"covered":0,"skipped":0,"pct":100}}
,"/Users/furb-x/Desktop/PROJECTS/RMC/ui/src/features/crm/rbac/index.ts": {"lines":{"total":0,"covered":0,"skipped":0,"pct":100},"functions":{"total":0,"covered":0,"skipped":0,"pct":100},"statements":{"total":0,"covered":0,"skipped":0,"pct":100},"branches":{"total":0,"covered":0,"skipped":0,"pct":100}}
,"/Users/furb-x/Desktop/PROJECTS/RMC/ui/src/features/crm/rbac/permissions.ts": {"lines":{"total":21,"covered":6,"skipped":0,"pct":28.57},"functions":{"total":5,"covered":0,"skipped":0,"pct":0},"statements":{"total":26,"covered":6,"skipped":0,"pct":23.07},"branches":{"total":25,"covered":0,"skipped":0,"pct":0}}
,"/Users/furb-x/Desktop/PROJECTS/RMC/ui/src/features/crm/rbac/useEnhancedRBAC.ts": {"lines":{"total":29,"covered":0,"skipped":0,"pct":0},"functions":{"total":10,"covered":0,"skipped":0,"pct":0},"statements":{"total":41,"covered":0,"skipped":0,"pct":0},"branches":{"total":37,"covered":0,"skipped":0,"pct":0}}
,"/Users/furb-x/Desktop/PROJECTS/RMC/ui/src/features/crm/retention/api.ts": {"lines":{"total":0,"covered":0,"skipped":0,"pct":100},"functions":{"total":0,"covered":0,"skipped":0,"pct":100},"statements":{"total":0,"covered":0,"skipped":0,"pct":100},"branches":{"total":0,"covered":0,"skipped":0,"pct":100}}
,"/Users/furb-x/Desktop/PROJECTS/RMC/ui/src/features/crm/rooms/api.ts": {"lines":{"total":0,"covered":0,"skipped":0,"pct":100},"functions":{"total":0,"covered":0,"skipped":0,"pct":100},"statements":{"total":0,"covered":0,"skipped":0,"pct":100},"branches":{"total":0,"covered":0,"skipped":0,"pct":100}}
,"/Users/furb-x/Desktop/PROJECTS/RMC/ui/src/features/crm/rooms/roomModel.ts": {"lines":{"total":28,"covered":28,"skipped":0,"pct":100},"functions":{"total":16,"covered":15,"skipped":0,"pct":93.75},"statements":{"total":35,"covered":32,"skipped":0,"pct":91.42},"branches":{"total":54,"covered":38,"skipped":0,"pct":70.37}}
,"/Users/furb-x/Desktop/PROJECTS/RMC/ui/src/features/crm/rooms/workspaceModel.ts": {"lines":{"total":34,"covered":31,"skipped":0,"pct":91.17},"functions":{"total":20,"covered":17,"skipped":0,"pct":85},"statements":{"total":47,"covered":41,"skipped":0,"pct":87.23},"branches":{"total":65,"covered":53,"skipped":0,"pct":81.53}}
,"/Users/furb-x/Desktop/PROJECTS/RMC/ui/src/features/crm/rooms/components/RoomFilters.tsx": {"lines":{"total":10,"covered":7,"skipped":0,"pct":70},"functions":{"total":11,"covered":7,"skipped":0,"pct":63.63},"statements":{"total":14,"covered":10,"skipped":0,"pct":71.42},"branches":{"total":0,"covered":0,"skipped":0,"pct":100}}
,"/Users/furb-x/Desktop/PROJECTS/RMC/ui/src/features/crm/rooms/hooks/useRoomSlots.ts": {"lines":{"total":59,"covered":0,"skipped":0,"pct":0},"functions":{"total":10,"covered":0,"skipped":0,"pct":0},"statements":{"total":72,"covered":0,"skipped":0,"pct":0},"branches":{"total":36,"covered":0,"skipped":0,"pct":0}}
,"/Users/furb-x/Desktop/PROJECTS/RMC/ui/src/features/crm/rooms/hooks/useRoomsWorkspace.ts": {"lines":{"total":39,"covered":8,"skipped":0,"pct":20.51},"functions":{"total":15,"covered":6,"skipped":0,"pct":40},"statements":{"total":53,"covered":13,"skipped":0,"pct":24.52},"branches":{"total":73,"covered":31,"skipped":0,"pct":42.46}}
,"/Users/furb-x/Desktop/PROJECTS/RMC/ui/src/features/crm/salary/hooks/useSalaryOverview.ts": {"lines":{"total":34,"covered":0,"skipped":0,"pct":0},"functions":{"total":12,"covered":0,"skipped":0,"pct":0},"statements":{"total":38,"covered":0,"skipped":0,"pct":0},"branches":{"total":10,"covered":0,"skipped":0,"pct":0}}
,"/Users/furb-x/Desktop/PROJECTS/RMC/ui/src/features/crm/salary/hooks/useSalaryTeacherDetail.ts": {"lines":{"total":11,"covered":0,"skipped":0,"pct":0},"functions":{"total":3,"covered":0,"skipped":0,"pct":0},"statements":{"total":13,"covered":0,"skipped":0,"pct":0},"branches":{"total":5,"covered":0,"skipped":0,"pct":0}}
,"/Users/furb-x/Desktop/PROJECTS/RMC/ui/src/features/crm/salary/model/salaryModel.ts": {"lines":{"total":23,"covered":23,"skipped":0,"pct":100},"functions":{"total":6,"covered":6,"skipped":0,"pct":100},"statements":{"total":25,"covered":25,"skipped":0,"pct":100},"branches":{"total":15,"covered":14,"skipped":0,"pct":93.33}}
,"/Users/furb-x/Desktop/PROJECTS/RMC/ui/src/features/crm/server/api.ts": {"lines":{"total":0,"covered":0,"skipped":0,"pct":100},"functions":{"total":0,"covered":0,"skipped":0,"pct":100},"statements":{"total":0,"covered":0,"skipped":0,"pct":100},"branches":{"total":0,"covered":0,"skipped":0,"pct":100}}
,"/Users/furb-x/Desktop/PROJECTS/RMC/ui/src/features/crm/server/engineeringSchema.ts": {"lines":{"total":2,"covered":0,"skipped":0,"pct":0},"functions":{"total":1,"covered":0,"skipped":0,"pct":0},"statements":{"total":3,"covered":0,"skipped":0,"pct":0},"branches":{"total":0,"covered":0,"skipped":0,"pct":100}}
,"/Users/furb-x/Desktop/PROJECTS/RMC/ui/src/features/crm/server/studioModel.ts": {"lines":{"total":11,"covered":10,"skipped":0,"pct":90.9},"functions":{"total":4,"covered":4,"skipped":0,"pct":100},"statements":{"total":20,"covered":17,"skipped":0,"pct":85},"branches":{"total":20,"covered":15,"skipped":0,"pct":75}}
,"/Users/furb-x/Desktop/PROJECTS/RMC/ui/src/features/crm/settings/api.ts": {"lines":{"total":0,"covered":0,"skipped":0,"pct":100},"functions":{"total":0,"covered":0,"skipped":0,"pct":100},"statements":{"total":0,"covered":0,"skipped":0,"pct":100},"branches":{"total":0,"covered":0,"skipped":0,"pct":100}}
,"/Users/furb-x/Desktop/PROJECTS/RMC/ui/src/features/crm/settings/listAppearance.ts": {"lines":{"total":18,"covered":9,"skipped":0,"pct":50},"functions":{"total":5,"covered":1,"skipped":0,"pct":20},"statements":{"total":18,"covered":9,"skipped":0,"pct":50},"branches":{"total":8,"covered":2,"skipped":0,"pct":25}}
,"/Users/furb-x/Desktop/PROJECTS/RMC/ui/src/features/crm/settings/ownerPalette.ts": {"lines":{"total":36,"covered":20,"skipped":0,"pct":55.55},"functions":{"total":10,"covered":6,"skipped":0,"pct":60},"statements":{"total":47,"covered":25,"skipped":0,"pct":53.19},"branches":{"total":22,"covered":15,"skipped":0,"pct":68.18}}
,"/Users/furb-x/Desktop/PROJECTS/RMC/ui/src/features/crm/settings/visualOverrides.ts": {"lines":{"total":22,"covered":22,"skipped":0,"pct":100},"functions":{"total":7,"covered":6,"skipped":0,"pct":85.71},"statements":{"total":33,"covered":31,"skipped":0,"pct":93.93},"branches":{"total":39,"covered":28,"skipped":0,"pct":71.79}}
,"/Users/furb-x/Desktop/PROJECTS/RMC/ui/src/features/crm/students/index.ts": {"lines":{"total":0,"covered":0,"skipped":0,"pct":100},"functions":{"total":0,"covered":0,"skipped":0,"pct":100},"statements":{"total":0,"covered":0,"skipped":0,"pct":100},"branches":{"total":0,"covered":0,"skipped":0,"pct":100}}
,"/Users/furb-x/Desktop/PROJECTS/RMC/ui/src/features/crm/students/queries.ts": {"lines":{"total":19,"covered":0,"skipped":0,"pct":0},"functions":{"total":9,"covered":0,"skipped":0,"pct":0},"statements":{"total":22,"covered":0,"skipped":0,"pct":0},"branches":{"total":21,"covered":0,"skipped":0,"pct":0}}
,"/Users/furb-x/Desktop/PROJECTS/RMC/ui/src/features/crm/students/requests.ts": {"lines":{"total":0,"covered":0,"skipped":0,"pct":100},"functions":{"total":0,"covered":0,"skipped":0,"pct":100},"statements":{"total":0,"covered":0,"skipped":0,"pct":100},"branches":{"total":0,"covered":0,"skipped":0,"pct":100}}
,"/Users/furb-x/Desktop/PROJECTS/RMC/ui/src/features/crm/students/status.ts": {"lines":{"total":13,"covered":9,"skipped":0,"pct":69.23},"functions":{"total":3,"covered":3,"skipped":0,"pct":100},"statements":{"total":13,"covered":9,"skipped":0,"pct":69.23},"branches":{"total":9,"covered":5,"skipped":0,"pct":55.55}}
,"/Users/furb-x/Desktop/PROJECTS/RMC/ui/src/features/crm/students/studentOverview.ts": {"lines":{"total":18,"covered":18,"skipped":0,"pct":100},"functions":{"total":11,"covered":11,"skipped":0,"pct":100},"statements":{"total":23,"covered":23,"skipped":0,"pct":100},"branches":{"total":20,"covered":18,"skipped":0,"pct":90}}
,"/Users/furb-x/Desktop/PROJECTS/RMC/ui/src/features/crm/students/api/index.ts": {"lines":{"total":0,"covered":0,"skipped":0,"pct":100},"functions":{"total":0,"covered":0,"skipped":0,"pct":100},"statements":{"total":0,"covered":0,"skipped":0,"pct":100},"branches":{"total":0,"covered":0,"skipped":0,"pct":100}}
,"/Users/furb-x/Desktop/PROJECTS/RMC/ui/src/features/crm/students/api/studentsApi.ts": {"lines":{"total":11,"covered":0,"skipped":0,"pct":0},"functions":{"total":10,"covered":0,"skipped":0,"pct":0},"statements":{"total":11,"covered":0,"skipped":0,"pct":0},"branches":{"total":0,"covered":0,"skipped":0,"pct":100}}
,"/Users/furb-x/Desktop/PROJECTS/RMC/ui/src/features/crm/students/components/index.ts": {"lines":{"total":0,"covered":0,"skipped":0,"pct":100},"functions":{"total":0,"covered":0,"skipped":0,"pct":100},"statements":{"total":0,"covered":0,"skipped":0,"pct":100},"branches":{"total":0,"covered":0,"skipped":0,"pct":100}}
,"/Users/furb-x/Desktop/PROJECTS/RMC/ui/src/features/crm/students/hooks/useStudentsData.ts": {"lines":{"total":41,"covered":0,"skipped":0,"pct":0},"functions":{"total":16,"covered":0,"skipped":0,"pct":0},"statements":{"total":50,"covered":0,"skipped":0,"pct":0},"branches":{"total":12,"covered":0,"skipped":0,"pct":0}}
,"/Users/furb-x/Desktop/PROJECTS/RMC/ui/src/features/crm/students/hooks/useStudentsFilters.ts": {"lines":{"total":39,"covered":0,"skipped":0,"pct":0},"functions":{"total":9,"covered":0,"skipped":0,"pct":0},"statements":{"total":41,"covered":0,"skipped":0,"pct":0},"branches":{"total":32,"covered":0,"skipped":0,"pct":0}}
,"/Users/furb-x/Desktop/PROJECTS/RMC/ui/src/features/crm/students/hooks/useStudentsModal.ts": {"lines":{"total":33,"covered":0,"skipped":0,"pct":0},"functions":{"total":6,"covered":0,"skipped":0,"pct":0},"statements":{"total":40,"covered":0,"skipped":0,"pct":0},"branches":{"total":21,"covered":0,"skipped":0,"pct":0}}
,"/Users/furb-x/Desktop/PROJECTS/RMC/ui/src/features/crm/students/hooks/useStudentsPage.ts": {"lines":{"total":28,"covered":0,"skipped":0,"pct":0},"functions":{"total":7,"covered":0,"skipped":0,"pct":0},"statements":{"total":33,"covered":0,"skipped":0,"pct":0},"branches":{"total":24,"covered":0,"skipped":0,"pct":0}}
,"/Users/furb-x/Desktop/PROJECTS/RMC/ui/src/features/crm/students/tabs/index.ts": {"lines":{"total":0,"covered":0,"skipped":0,"pct":100},"functions":{"total":0,"covered":0,"skipped":0,"pct":100},"statements":{"total":0,"covered":0,"skipped":0,"pct":100},"branches":{"total":0,"covered":0,"skipped":0,"pct":100}}
,"/Users/furb-x/Desktop/PROJECTS/RMC/ui/src/features/crm/students/utils/studentFormOptions.ts": {"lines":{"total":2,"covered":0,"skipped":0,"pct":0},"functions":{"total":0,"covered":0,"skipped":0,"pct":100},"statements":{"total":2,"covered":0,"skipped":0,"pct":0},"branches":{"total":0,"covered":0,"skipped":0,"pct":100}}
,"/Users/furb-x/Desktop/PROJECTS/RMC/ui/src/features/crm/subjects/index.ts": {"lines":{"total":0,"covered":0,"skipped":0,"pct":100},"functions":{"total":0,"covered":0,"skipped":0,"pct":100},"statements":{"total":0,"covered":0,"skipped":0,"pct":100},"branches":{"total":0,"covered":0,"skipped":0,"pct":100}}
,"/Users/furb-x/Desktop/PROJECTS/RMC/ui/src/features/crm/subjects/requests.ts": {"lines":{"total":0,"covered":0,"skipped":0,"pct":100},"functions":{"total":0,"covered":0,"skipped":0,"pct":100},"statements":{"total":0,"covered":0,"skipped":0,"pct":100},"branches":{"total":0,"covered":0,"skipped":0,"pct":100}}
,"/Users/furb-x/Desktop/PROJECTS/RMC/ui/src/features/crm/subjects/subjectAssignments.ts": {"lines":{"total":8,"covered":8,"skipped":0,"pct":100},"functions":{"total":2,"covered":2,"skipped":0,"pct":100},"statements":{"total":9,"covered":9,"skipped":0,"pct":100},"branches":{"total":6,"covered":6,"skipped":0,"pct":100}}
,"/Users/furb-x/Desktop/PROJECTS/RMC/ui/src/features/crm/subjects/subjectCatalog.ts": {"lines":{"total":16,"covered":16,"skipped":0,"pct":100},"functions":{"total":6,"covered":6,"skipped":0,"pct":100},"statements":{"total":22,"covered":20,"skipped":0,"pct":90.9},"branches":{"total":18,"covered":11,"skipped":0,"pct":61.11}}
,"/Users/furb-x/Desktop/PROJECTS/RMC/ui/src/features/crm/subjects/subjectForm.ts": {"lines":{"total":3,"covered":3,"skipped":0,"pct":100},"functions":{"total":1,"covered":1,"skipped":0,"pct":100},"statements":{"total":3,"covered":3,"skipped":0,"pct":100},"branches":{"total":0,"covered":0,"skipped":0,"pct":100}}
,"/Users/furb-x/Desktop/PROJECTS/RMC/ui/src/features/crm/subjects/hooks/useSubjectsPage.ts": {"lines":{"total":55,"covered":0,"skipped":0,"pct":0},"functions":{"total":16,"covered":0,"skipped":0,"pct":0},"statements":{"total":61,"covered":0,"skipped":0,"pct":0},"branches":{"total":13,"covered":0,"skipped":0,"pct":0}}
,"/Users/furb-x/Desktop/PROJECTS/RMC/ui/src/features/crm/teachers/index.ts": {"lines":{"total":0,"covered":0,"skipped":0,"pct":100},"functions":{"total":0,"covered":0,"skipped":0,"pct":100},"statements":{"total":0,"covered":0,"skipped":0,"pct":100},"branches":{"total":0,"covered":0,"skipped":0,"pct":100}}
,"/Users/furb-x/Desktop/PROJECTS/RMC/ui/src/features/crm/teachers/queries.ts": {"lines":{"total":8,"covered":0,"skipped":0,"pct":0},"functions":{"total":2,"covered":0,"skipped":0,"pct":0},"statements":{"total":8,"covered":0,"skipped":0,"pct":0},"branches":{"total":8,"covered":0,"skipped":0,"pct":0}}
,"/Users/furb-x/Desktop/PROJECTS/RMC/ui/src/features/crm/teachers/requests.ts": {"lines":{"total":0,"covered":0,"skipped":0,"pct":100},"functions":{"total":0,"covered":0,"skipped":0,"pct":100},"statements":{"total":0,"covered":0,"skipped":0,"pct":100},"branches":{"total":0,"covered":0,"skipped":0,"pct":100}}
,"/Users/furb-x/Desktop/PROJECTS/RMC/ui/src/features/crm/teachers/teacherOverview.ts": {"lines":{"total":7,"covered":7,"skipped":0,"pct":100},"functions":{"total":6,"covered":6,"skipped":0,"pct":100},"statements":{"total":12,"covered":12,"skipped":0,"pct":100},"branches":{"total":30,"covered":26,"skipped":0,"pct":86.66}}
,"/Users/furb-x/Desktop/PROJECTS/RMC/ui/src/features/crm/teachers/api/index.ts": {"lines":{"total":0,"covered":0,"skipped":0,"pct":100},"functions":{"total":0,"covered":0,"skipped":0,"pct":100},"statements":{"total":0,"covered":0,"skipped":0,"pct":100},"branches":{"total":0,"covered":0,"skipped":0,"pct":100}}
,"/Users/furb-x/Desktop/PROJECTS/RMC/ui/src/features/crm/teachers/api/teachersApi.ts": {"lines":{"total":3,"covered":0,"skipped":0,"pct":0},"functions":{"total":2,"covered":0,"skipped":0,"pct":0},"statements":{"total":3,"covered":0,"skipped":0,"pct":0},"branches":{"total":0,"covered":0,"skipped":0,"pct":100}}
,"/Users/furb-x/Desktop/PROJECTS/RMC/ui/src/features/crm/teachers/hooks/useTeacherDetailPage.ts": {"lines":{"total":237,"covered":0,"skipped":0,"pct":0},"functions":{"total":53,"covered":0,"skipped":0,"pct":0},"statements":{"total":270,"covered":0,"skipped":0,"pct":0},"branches":{"total":137,"covered":0,"skipped":0,"pct":0}}
,"/Users/furb-x/Desktop/PROJECTS/RMC/ui/src/features/crm/teachers/hooks/useTeachersPage.ts": {"lines":{"total":47,"covered":0,"skipped":0,"pct":0},"functions":{"total":13,"covered":0,"skipped":0,"pct":0},"statements":{"total":52,"covered":0,"skipped":0,"pct":0},"branches":{"total":23,"covered":0,"skipped":0,"pct":0}}
,"/Users/furb-x/Desktop/PROJECTS/RMC/ui/src/features/crm/teachers/kpi/hooks/useTeacherKpiDetail.ts": {"lines":{"total":11,"covered":0,"skipped":0,"pct":0},"functions":{"total":3,"covered":0,"skipped":0,"pct":0},"statements":{"total":13,"covered":0,"skipped":0,"pct":0},"branches":{"total":4,"covered":0,"skipped":0,"pct":0}}
,"/Users/furb-x/Desktop/PROJECTS/RMC/ui/src/features/crm/teachers/kpi/hooks/useTeacherKpiOverview.ts": {"lines":{"total":18,"covered":0,"skipped":0,"pct":0},"functions":{"total":6,"covered":0,"skipped":0,"pct":0},"statements":{"total":21,"covered":0,"skipped":0,"pct":0},"branches":{"total":2,"covered":0,"skipped":0,"pct":0}}
,"/Users/furb-x/Desktop/PROJECTS/RMC/ui/src/features/crm/teachers/kpi/model/kpiModel.ts": {"lines":{"total":22,"covered":22,"skipped":0,"pct":100},"functions":{"total":7,"covered":7,"skipped":0,"pct":100},"statements":{"total":26,"covered":26,"skipped":0,"pct":100},"branches":{"total":20,"covered":18,"skipped":0,"pct":90}}
,"/Users/furb-x/Desktop/PROJECTS/RMC/ui/src/features/crm/teachers/utils/teacherDetailUtils.ts": {"lines":{"total":25,"covered":0,"skipped":0,"pct":0},"functions":{"total":6,"covered":0,"skipped":0,"pct":0},"statements":{"total":29,"covered":0,"skipped":0,"pct":0},"branches":{"total":25,"covered":0,"skipped":0,"pct":0}}
,"/Users/furb-x/Desktop/PROJECTS/RMC/ui/src/features/crm/telegram/api.ts": {"lines":{"total":0,"covered":0,"skipped":0,"pct":100},"functions":{"total":0,"covered":0,"skipped":0,"pct":100},"statements":{"total":0,"covered":0,"skipped":0,"pct":100},"branches":{"total":0,"covered":0,"skipped":0,"pct":100}}
,"/Users/furb-x/Desktop/PROJECTS/RMC/ui/src/features/owner/api.ts": {"lines":{"total":9,"covered":0,"skipped":0,"pct":0},"functions":{"total":8,"covered":0,"skipped":0,"pct":0},"statements":{"total":9,"covered":0,"skipped":0,"pct":0},"branches":{"total":0,"covered":0,"skipped":0,"pct":100}}
,"/Users/furb-x/Desktop/PROJECTS/RMC/ui/src/features/owner/constants.ts": {"lines":{"total":4,"covered":0,"skipped":0,"pct":0},"functions":{"total":1,"covered":0,"skipped":0,"pct":0},"statements":{"total":5,"covered":0,"skipped":0,"pct":0},"branches":{"total":0,"covered":0,"skipped":0,"pct":100}}
,"/Users/furb-x/Desktop/PROJECTS/RMC/ui/src/features/owner/index.ts": {"lines":{"total":0,"covered":0,"skipped":0,"pct":100},"functions":{"total":0,"covered":0,"skipped":0,"pct":100},"statements":{"total":0,"covered":0,"skipped":0,"pct":100},"branches":{"total":0,"covered":0,"skipped":0,"pct":100}}
,"/Users/furb-x/Desktop/PROJECTS/RMC/ui/src/features/owner/selectors.ts": {"lines":{"total":1,"covered":0,"skipped":0,"pct":0},"functions":{"total":1,"covered":0,"skipped":0,"pct":0},"statements":{"total":2,"covered":0,"skipped":0,"pct":0},"branches":{"total":0,"covered":0,"skipped":0,"pct":100}}
,"/Users/furb-x/Desktop/PROJECTS/RMC/ui/src/features/owner/systemApi.ts": {"lines":{"total":0,"covered":0,"skipped":0,"pct":100},"functions":{"total":0,"covered":0,"skipped":0,"pct":100},"statements":{"total":0,"covered":0,"skipped":0,"pct":100},"branches":{"total":0,"covered":0,"skipped":0,"pct":100}}
,"/Users/furb-x/Desktop/PROJECTS/RMC/ui/src/features/owner/utils.ts": {"lines":{"total":142,"covered":95,"skipped":0,"pct":66.9},"functions":{"total":35,"covered":23,"skipped":0,"pct":65.71},"statements":{"total":167,"covered":111,"skipped":0,"pct":66.46},"branches":{"total":157,"covered":71,"skipped":0,"pct":45.22}}
,"/Users/furb-x/Desktop/PROJECTS/RMC/ui/src/features/owner/components/OwnerFinancePanel.tsx": {"lines":{"total":118,"covered":111,"skipped":0,"pct":94.06},"functions":{"total":60,"covered":53,"skipped":0,"pct":88.33},"statements":{"total":145,"covered":135,"skipped":0,"pct":93.1},"branches":{"total":97,"covered":60,"skipped":0,"pct":61.85}}
,"/Users/furb-x/Desktop/PROJECTS/RMC/ui/src/features/owner/components/index.ts": {"lines":{"total":0,"covered":0,"skipped":0,"pct":100},"functions":{"total":0,"covered":0,"skipped":0,"pct":100},"statements":{"total":0,"covered":0,"skipped":0,"pct":100},"branches":{"total":0,"covered":0,"skipped":0,"pct":100}}
,"/Users/furb-x/Desktop/PROJECTS/RMC/ui/src/features/owner/components/finance/FinanceDailyView.tsx": {"lines":{"total":3,"covered":3,"skipped":0,"pct":100},"functions":{"total":2,"covered":2,"skipped":0,"pct":100},"statements":{"total":3,"covered":3,"skipped":0,"pct":100},"branches":{"total":2,"covered":2,"skipped":0,"pct":100}}
,"/Users/furb-x/Desktop/PROJECTS/RMC/ui/src/features/owner/components/finance/FinanceStatsView.tsx": {"lines":{"total":26,"covered":8,"skipped":0,"pct":30.76},"functions":{"total":17,"covered":1,"skipped":0,"pct":5.88},"statements":{"total":26,"covered":8,"skipped":0,"pct":30.76},"branches":{"total":18,"covered":0,"skipped":0,"pct":0}}
,"/Users/furb-x/Desktop/PROJECTS/RMC/ui/src/features/owner/components/finance/FinanceTeachersView.tsx": {"lines":{"total":25,"covered":9,"skipped":0,"pct":36},"functions":{"total":13,"covered":2,"skipped":0,"pct":15.38},"statements":{"total":27,"covered":9,"skipped":0,"pct":33.33},"branches":{"total":30,"covered":8,"skipped":0,"pct":26.66}}
,"/Users/furb-x/Desktop/PROJECTS/RMC/ui/src/features/owner/components/finance/PaymentDateDetailsModal.tsx": {"lines":{"total":69,"covered":39,"skipped":0,"pct":56.52},"functions":{"total":25,"covered":14,"skipped":0,"pct":56},"statements":{"total":87,"covered":44,"skipped":0,"pct":50.57},"branches":{"total":78,"covered":14,"skipped":0,"pct":17.94}}
,"/Users/furb-x/Desktop/PROJECTS/RMC/ui/src/features/owner/components/student-stats/studentStats.ts": {"lines":{"total":68,"covered":0,"skipped":0,"pct":0},"functions":{"total":23,"covered":0,"skipped":0,"pct":0},"statements":{"total":96,"covered":0,"skipped":0,"pct":0},"branches":{"total":91,"covered":0,"skipped":0,"pct":0}}
,"/Users/furb-x/Desktop/PROJECTS/RMC/ui/src/features/owner/hooks/index.ts": {"lines":{"total":0,"covered":0,"skipped":0,"pct":100},"functions":{"total":0,"covered":0,"skipped":0,"pct":100},"statements":{"total":0,"covered":0,"skipped":0,"pct":100},"branches":{"total":0,"covered":0,"skipped":0,"pct":100}}
,"/Users/furb-x/Desktop/PROJECTS/RMC/ui/src/features/owner/hooks/useOwnerManager.ts": {"lines":{"total":304,"covered":0,"skipped":0,"pct":0},"functions":{"total":55,"covered":0,"skipped":0,"pct":0},"statements":{"total":320,"covered":0,"skipped":0,"pct":0},"branches":{"total":281,"covered":0,"skipped":0,"pct":0}}
,"/Users/furb-x/Desktop/PROJECTS/RMC/ui/src/features/public/SharedTestPage.tsx": {"lines":{"total":51,"covered":46,"skipped":0,"pct":90.19},"functions":{"total":15,"covered":12,"skipped":0,"pct":80},"statements":{"total":53,"covered":48,"skipped":0,"pct":90.56},"branches":{"total":41,"covered":35,"skipped":0,"pct":85.36}}
,"/Users/furb-x/Desktop/PROJECTS/RMC/ui/src/features/public/api/sharedTestApi.ts": {"lines":{"total":5,"covered":0,"skipped":0,"pct":0},"functions":{"total":4,"covered":0,"skipped":0,"pct":0},"statements":{"total":5,"covered":0,"skipped":0,"pct":0},"branches":{"total":2,"covered":0,"skipped":0,"pct":0}}
,"/Users/furb-x/Desktop/PROJECTS/RMC/ui/src/features/student/api/consolidationExerciseApi.ts": {"lines":{"total":18,"covered":0,"skipped":0,"pct":0},"functions":{"total":13,"covered":0,"skipped":0,"pct":0},"statements":{"total":19,"covered":0,"skipped":0,"pct":0},"branches":{"total":4,"covered":0,"skipped":0,"pct":0}}
,"/Users/furb-x/Desktop/PROJECTS/RMC/ui/src/features/system/hooks/useServiceStatus.ts": {"lines":{"total":43,"covered":0,"skipped":0,"pct":0},"functions":{"total":9,"covered":0,"skipped":0,"pct":0},"statements":{"total":44,"covered":0,"skipped":0,"pct":0},"branches":{"total":8,"covered":0,"skipped":0,"pct":0}}
,"/Users/furb-x/Desktop/PROJECTS/RMC/ui/src/features/teacher/api.ts": {"lines":{"total":0,"covered":0,"skipped":0,"pct":100},"functions":{"total":0,"covered":0,"skipped":0,"pct":100},"statements":{"total":0,"covered":0,"skipped":0,"pct":100},"branches":{"total":0,"covered":0,"skipped":0,"pct":100}}
,"/Users/furb-x/Desktop/PROJECTS/RMC/ui/src/features/teacher/hooks/useMySalaryDetail.ts": {"lines":{"total":8,"covered":0,"skipped":0,"pct":0},"functions":{"total":2,"covered":0,"skipped":0,"pct":0},"statements":{"total":9,"covered":0,"skipped":0,"pct":0},"branches":{"total":3,"covered":0,"skipped":0,"pct":0}}
,"/Users/furb-x/Desktop/PROJECTS/RMC/ui/src/features/teacher/statistics/useTeacherStatistics.ts": {"lines":{"total":149,"covered":0,"skipped":0,"pct":0},"functions":{"total":59,"covered":0,"skipped":0,"pct":0},"statements":{"total":178,"covered":0,"skipped":0,"pct":0},"branches":{"total":138,"covered":0,"skipped":0,"pct":0}}
,"/Users/furb-x/Desktop/PROJECTS/RMC/ui/src/i18n/api.ts": {"lines":{"total":0,"covered":0,"skipped":0,"pct":100},"functions":{"total":0,"covered":0,"skipped":0,"pct":100},"statements":{"total":0,"covered":0,"skipped":0,"pct":100},"branches":{"total":0,"covered":0,"skipped":0,"pct":100}}
,"/Users/furb-x/Desktop/PROJECTS/RMC/ui/src/lib/utils.ts": {"lines":{"total":1,"covered":1,"skipped":0,"pct":100},"functions":{"total":1,"covered":1,"skipped":0,"pct":100},"statements":{"total":1,"covered":1,"skipped":0,"pct":100},"branches":{"total":0,"covered":0,"skipped":0,"pct":100}}
,"/Users/furb-x/Desktop/PROJECTS/RMC/ui/src/shared/dataCsv.ts": {"lines":{"total":28,"covered":0,"skipped":0,"pct":0},"functions":{"total":3,"covered":0,"skipped":0,"pct":0},"statements":{"total":29,"covered":0,"skipped":0,"pct":0},"branches":{"total":7,"covered":0,"skipped":0,"pct":0}}
,"/Users/furb-x/Desktop/PROJECTS/RMC/ui/src/shared/groupLabel.ts": {"lines":{"total":19,"covered":15,"skipped":0,"pct":78.94},"functions":{"total":7,"covered":2,"skipped":0,"pct":28.57},"statements":{"total":22,"covered":15,"skipped":0,"pct":68.18},"branches":{"total":22,"covered":7,"skipped":0,"pct":31.81}}
,"/Users/furb-x/Desktop/PROJECTS/RMC/ui/src/shared/studentIdentity.ts": {"lines":{"total":3,"covered":3,"skipped":0,"pct":100},"functions":{"total":1,"covered":1,"skipped":0,"pct":100},"statements":{"total":3,"covered":3,"skipped":0,"pct":100},"branches":{"total":0,"covered":0,"skipped":0,"pct":100}}
,"/Users/furb-x/Desktop/PROJECTS/RMC/ui/src/shared/api/api.ts": {"lines":{"total":348,"covered":346,"skipped":0,"pct":99.42},"functions":{"total":227,"covered":227,"skipped":0,"pct":100},"statements":{"total":353,"covered":350,"skipped":0,"pct":99.15},"branches":{"total":141,"covered":120,"skipped":0,"pct":85.1}}
,"/Users/furb-x/Desktop/PROJECTS/RMC/ui/src/shared/api/response.ts": {"lines":{"total":13,"covered":12,"skipped":0,"pct":92.3},"functions":{"total":3,"covered":3,"skipped":0,"pct":100},"statements":{"total":17,"covered":15,"skipped":0,"pct":88.23},"branches":{"total":13,"covered":12,"skipped":0,"pct":92.3}}
,"/Users/furb-x/Desktop/PROJECTS/RMC/ui/src/shared/auth/authStorage.ts": {"lines":{"total":44,"covered":10,"skipped":0,"pct":22.72},"functions":{"total":6,"covered":0,"skipped":0,"pct":0},"statements":{"total":46,"covered":10,"skipped":0,"pct":21.73},"branches":{"total":28,"covered":0,"skipped":0,"pct":0}}
,"/Users/furb-x/Desktop/PROJECTS/RMC/ui/src/shared/auth/centerScope.ts": {"lines":{"total":23,"covered":7,"skipped":0,"pct":30.43},"functions":{"total":7,"covered":0,"skipped":0,"pct":0},"statements":{"total":25,"covered":7,"skipped":0,"pct":28},"branches":{"total":26,"covered":0,"skipped":0,"pct":0}}
,"/Users/furb-x/Desktop/PROJECTS/RMC/ui/src/shared/auth/paymentAuthStorage.ts": {"lines":{"total":10,"covered":4,"skipped":0,"pct":40},"functions":{"total":3,"covered":0,"skipped":0,"pct":0},"statements":{"total":10,"covered":4,"skipped":0,"pct":40},"branches":{"total":2,"covered":0,"skipped":0,"pct":0}}
,"/Users/furb-x/Desktop/PROJECTS/RMC/ui/src/shared/components/PieChart.tsx": {"lines":{"total":20,"covered":19,"skipped":0,"pct":95},"functions":{"total":10,"covered":10,"skipped":0,"pct":100},"statements":{"total":26,"covered":24,"skipped":0,"pct":92.3},"branches":{"total":12,"covered":10,"skipped":0,"pct":83.33}}
,"/Users/furb-x/Desktop/PROJECTS/RMC/ui/src/shared/components/studentCoinsApi.ts": {"lines":{"total":0,"covered":0,"skipped":0,"pct":100},"functions":{"total":0,"covered":0,"skipped":0,"pct":100},"statements":{"total":0,"covered":0,"skipped":0,"pct":100},"branches":{"total":0,"covered":0,"skipped":0,"pct":100}}
,"/Users/furb-x/Desktop/PROJECTS/RMC/ui/src/shared/hooks/useContainerWidth.ts": {"lines":{"total":12,"covered":0,"skipped":0,"pct":0},"functions":{"total":4,"covered":0,"skipped":0,"pct":0},"statements":{"total":15,"covered":0,"skipped":0,"pct":0},"branches":{"total":7,"covered":0,"skipped":0,"pct":0}}
,"/Users/furb-x/Desktop/PROJECTS/RMC/ui/src/slices/assignmentsSlice.ts": {"lines":{"total":72,"covered":70,"skipped":0,"pct":97.22},"functions":{"total":26,"covered":25,"skipped":0,"pct":96.15},"statements":{"total":90,"covered":87,"skipped":0,"pct":96.66},"branches":{"total":24,"covered":17,"skipped":0,"pct":70.83}}
,"/Users/furb-x/Desktop/PROJECTS/RMC/ui/src/slices/attendanceSlice.ts": {"lines":{"total":72,"covered":70,"skipped":0,"pct":97.22},"functions":{"total":26,"covered":25,"skipped":0,"pct":96.15},"statements":{"total":90,"covered":87,"skipped":0,"pct":96.66},"branches":{"total":24,"covered":17,"skipped":0,"pct":70.83}}
,"/Users/furb-x/Desktop/PROJECTS/RMC/ui/src/slices/authSlice.ts": {"lines":{"total":28,"covered":28,"skipped":0,"pct":100},"functions":{"total":6,"covered":6,"skipped":0,"pct":100},"statements":{"total":28,"covered":28,"skipped":0,"pct":100},"branches":{"total":4,"covered":4,"skipped":0,"pct":100}}
,"/Users/furb-x/Desktop/PROJECTS/RMC/ui/src/slices/centersSlice.ts": {"lines":{"total":75,"covered":73,"skipped":0,"pct":97.33},"functions":{"total":29,"covered":28,"skipped":0,"pct":96.55},"statements":{"total":95,"covered":92,"skipped":0,"pct":96.84},"branches":{"total":45,"covered":33,"skipped":0,"pct":73.33}}
,"/Users/furb-x/Desktop/PROJECTS/RMC/ui/src/slices/classesSlice.ts": {"lines":{"total":80,"covered":78,"skipped":0,"pct":97.5},"functions":{"total":26,"covered":25,"skipped":0,"pct":96.15},"statements":{"total":94,"covered":91,"skipped":0,"pct":96.8},"branches":{"total":52,"covered":33,"skipped":0,"pct":63.46}}
,"/Users/furb-x/Desktop/PROJECTS/RMC/ui/src/slices/debtsSlice.ts": {"lines":{"total":72,"covered":70,"skipped":0,"pct":97.22},"functions":{"total":26,"covered":25,"skipped":0,"pct":96.15},"statements":{"total":90,"covered":87,"skipped":0,"pct":96.66},"branches":{"total":24,"covered":17,"skipped":0,"pct":70.83}}
,"/Users/furb-x/Desktop/PROJECTS/RMC/ui/src/slices/gradesSlice.ts": {"lines":{"total":72,"covered":70,"skipped":0,"pct":97.22},"functions":{"total":26,"covered":25,"skipped":0,"pct":96.15},"statements":{"total":90,"covered":87,"skipped":0,"pct":96.66},"branches":{"total":24,"covered":17,"skipped":0,"pct":70.83}}
,"/Users/furb-x/Desktop/PROJECTS/RMC/ui/src/slices/kpisSlice.ts": {"lines":{"total":55,"covered":15,"skipped":0,"pct":27.27},"functions":{"total":20,"covered":1,"skipped":0,"pct":5},"statements":{"total":61,"covered":15,"skipped":0,"pct":24.59},"branches":{"total":24,"covered":0,"skipped":0,"pct":0}}
,"/Users/furb-x/Desktop/PROJECTS/RMC/ui/src/slices/pagesUiSlice.ts": {"lines":{"total":51,"covered":5,"skipped":0,"pct":9.8},"functions":{"total":42,"covered":0,"skipped":0,"pct":0},"statements":{"total":51,"covered":5,"skipped":0,"pct":9.8},"branches":{"total":0,"covered":0,"skipped":0,"pct":100}}
,"/Users/furb-x/Desktop/PROJECTS/RMC/ui/src/slices/paymentAccessSlice.ts": {"lines":{"total":21,"covered":21,"skipped":0,"pct":100},"functions":{"total":5,"covered":5,"skipped":0,"pct":100},"statements":{"total":21,"covered":21,"skipped":0,"pct":100},"branches":{"total":2,"covered":2,"skipped":0,"pct":100}}
,"/Users/furb-x/Desktop/PROJECTS/RMC/ui/src/slices/paymentsSlice.ts": {"lines":{"total":72,"covered":70,"skipped":0,"pct":97.22},"functions":{"total":26,"covered":25,"skipped":0,"pct":96.15},"statements":{"total":90,"covered":87,"skipped":0,"pct":96.66},"branches":{"total":24,"covered":17,"skipped":0,"pct":70.83}}
,"/Users/furb-x/Desktop/PROJECTS/RMC/ui/src/slices/roomsSlice.ts": {"lines":{"total":23,"covered":23,"skipped":0,"pct":100},"functions":{"total":7,"covered":7,"skipped":0,"pct":100},"statements":{"total":23,"covered":23,"skipped":0,"pct":100},"branches":{"total":10,"covered":9,"skipped":0,"pct":90}}
,"/Users/furb-x/Desktop/PROJECTS/RMC/ui/src/slices/salariesSlice.ts": {"lines":{"total":104,"covered":25,"skipped":0,"pct":24.03},"functions":{"total":37,"covered":1,"skipped":0,"pct":2.7},"statements":{"total":115,"covered":25,"skipped":0,"pct":21.73},"branches":{"total":44,"covered":0,"skipped":0,"pct":0}}
,"/Users/furb-x/Desktop/PROJECTS/RMC/ui/src/slices/serviceStatusSlice.ts": {"lines":{"total":13,"covered":13,"skipped":0,"pct":100},"functions":{"total":5,"covered":5,"skipped":0,"pct":100},"statements":{"total":13,"covered":13,"skipped":0,"pct":100},"branches":{"total":0,"covered":0,"skipped":0,"pct":100}}
,"/Users/furb-x/Desktop/PROJECTS/RMC/ui/src/slices/sessionWorkflowDraftsSlice.ts": {"lines":{"total":5,"covered":5,"skipped":0,"pct":100},"functions":{"total":2,"covered":2,"skipped":0,"pct":100},"statements":{"total":5,"covered":5,"skipped":0,"pct":100},"branches":{"total":0,"covered":0,"skipped":0,"pct":100}}
,"/Users/furb-x/Desktop/PROJECTS/RMC/ui/src/slices/studentDashboardSlice.ts": {"lines":{"total":23,"covered":23,"skipped":0,"pct":100},"functions":{"total":7,"covered":7,"skipped":0,"pct":100},"statements":{"total":24,"covered":24,"skipped":0,"pct":100},"branches":{"total":9,"covered":8,"skipped":0,"pct":88.88}}
,"/Users/furb-x/Desktop/PROJECTS/RMC/ui/src/slices/studentsSlice.ts": {"lines":{"total":99,"covered":19,"skipped":0,"pct":19.19},"functions":{"total":32,"covered":1,"skipped":0,"pct":3.12},"statements":{"total":117,"covered":19,"skipped":0,"pct":16.23},"branches":{"total":69,"covered":0,"skipped":0,"pct":0}}
,"/Users/furb-x/Desktop/PROJECTS/RMC/ui/src/slices/subjectsSlice.ts": {"lines":{"total":72,"covered":70,"skipped":0,"pct":97.22},"functions":{"total":26,"covered":25,"skipped":0,"pct":96.15},"statements":{"total":90,"covered":87,"skipped":0,"pct":96.66},"branches":{"total":24,"covered":17,"skipped":0,"pct":70.83}}
,"/Users/furb-x/Desktop/PROJECTS/RMC/ui/src/slices/teacherTasksSlice.ts": {"lines":{"total":101,"covered":23,"skipped":0,"pct":22.77},"functions":{"total":36,"covered":1,"skipped":0,"pct":2.77},"statements":{"total":124,"covered":23,"skipped":0,"pct":18.54},"branches":{"total":32,"covered":0,"skipped":0,"pct":0}}
,"/Users/furb-x/Desktop/PROJECTS/RMC/ui/src/slices/teachersSlice.ts": {"lines":{"total":107,"covered":27,"skipped":0,"pct":25.23},"functions":{"total":29,"covered":3,"skipped":0,"pct":10.34},"statements":{"total":127,"covered":30,"skipped":0,"pct":23.62},"branches":{"total":75,"covered":3,"skipped":0,"pct":4}}
,"/Users/furb-x/Desktop/PROJECTS/RMC/ui/src/slices/testsSlice.ts": {"lines":{"total":93,"covered":21,"skipped":0,"pct":22.58},"functions":{"total":41,"covered":1,"skipped":0,"pct":2.43},"statements":{"total":102,"covered":21,"skipped":0,"pct":20.58},"branches":{"total":39,"covered":0,"skipped":0,"pct":0}}
,"/Users/furb-x/Desktop/PROJECTS/RMC/ui/src/store/index.ts": {"lines":{"total":4,"covered":4,"skipped":0,"pct":100},"functions":{"total":1,"covered":1,"skipped":0,"pct":100},"statements":{"total":4,"covered":4,"skipped":0,"pct":100},"branches":{"total":0,"covered":0,"skipped":0,"pct":100}}
,"/Users/furb-x/Desktop/PROJECTS/RMC/ui/src/store/selectors/calendarSelectors.ts": {"lines":{"total":13,"covered":0,"skipped":0,"pct":0},"functions":{"total":9,"covered":0,"skipped":0,"pct":0},"statements":{"total":18,"covered":0,"skipped":0,"pct":0},"branches":{"total":10,"covered":0,"skipped":0,"pct":0}}
,"/Users/furb-x/Desktop/PROJECTS/RMC/ui/src/store/selectors/dashboardSelectors.ts": {"lines":{"total":13,"covered":0,"skipped":0,"pct":0},"functions":{"total":11,"covered":0,"skipped":0,"pct":0},"statements":{"total":13,"covered":0,"skipped":0,"pct":0},"branches":{"total":6,"covered":0,"skipped":0,"pct":0}}
,"/Users/furb-x/Desktop/PROJECTS/RMC/ui/src/store/selectors/entitySelectors.ts": {"lines":{"total":94,"covered":94,"skipped":0,"pct":100},"functions":{"total":42,"covered":42,"skipped":0,"pct":100},"statements":{"total":110,"covered":105,"skipped":0,"pct":95.45},"branches":{"total":63,"covered":56,"skipped":0,"pct":88.88}}
,"/Users/furb-x/Desktop/PROJECTS/RMC/ui/src/store/selectors/index.ts": {"lines":{"total":0,"covered":0,"skipped":0,"pct":100},"functions":{"total":0,"covered":0,"skipped":0,"pct":100},"statements":{"total":0,"covered":0,"skipped":0,"pct":100},"branches":{"total":0,"covered":0,"skipped":0,"pct":100}}
,"/Users/furb-x/Desktop/PROJECTS/RMC/ui/src/store/selectors/pageUiSelectors.ts": {"lines":{"total":27,"covered":0,"skipped":0,"pct":0},"functions":{"total":15,"covered":0,"skipped":0,"pct":0},"statements":{"total":37,"covered":0,"skipped":0,"pct":0},"branches":{"total":31,"covered":0,"skipped":0,"pct":0}}
,"/Users/furb-x/Desktop/PROJECTS/RMC/ui/src/store/selectors/testsSelectors.ts": {"lines":{"total":34,"covered":0,"skipped":0,"pct":0},"functions":{"total":22,"covered":0,"skipped":0,"pct":0},"statements":{"total":46,"covered":0,"skipped":0,"pct":0},"branches":{"total":23,"covered":0,"skipped":0,"pct":0}}
,"/Users/furb-x/Desktop/PROJECTS/RMC/ui/src/utils/dropdownOptions.ts": {"lines":{"total":59,"covered":0,"skipped":0,"pct":0},"functions":{"total":13,"covered":0,"skipped":0,"pct":0},"statements":{"total":67,"covered":0,"skipped":0,"pct":0},"branches":{"total":34,"covered":0,"skipped":0,"pct":0}}
,"/Users/furb-x/Desktop/PROJECTS/RMC/ui/src/utils/errorMessage.ts": {"lines":{"total":14,"covered":0,"skipped":0,"pct":0},"functions":{"total":1,"covered":0,"skipped":0,"pct":0},"statements":{"total":22,"covered":0,"skipped":0,"pct":0},"branches":{"total":32,"covered":0,"skipped":0,"pct":0}}
,"/Users/furb-x/Desktop/PROJECTS/RMC/ui/src/utils/helpers.ts": {"lines":{"total":33,"covered":11,"skipped":0,"pct":33.33},"functions":{"total":8,"covered":2,"skipped":0,"pct":25},"statements":{"total":33,"covered":11,"skipped":0,"pct":33.33},"branches":{"total":17,"covered":5,"skipped":0,"pct":29.41}}
,"/Users/furb-x/Desktop/PROJECTS/RMC/ui/src/utils/password.ts": {"lines":{"total":6,"covered":0,"skipped":0,"pct":0},"functions":{"total":1,"covered":0,"skipped":0,"pct":0},"statements":{"total":7,"covered":0,"skipped":0,"pct":0},"branches":{"total":1,"covered":0,"skipped":0,"pct":0}}
,"/Users/furb-x/Desktop/PROJECTS/RMC/ui/src/utils/toast.ts": {"lines":{"total":52,"covered":22,"skipped":0,"pct":42.3},"functions":{"total":13,"covered":4,"skipped":0,"pct":30.76},"statements":{"total":67,"covered":26,"skipped":0,"pct":38.8},"branches":{"total":87,"covered":26,"skipped":0,"pct":29.88}}
}
